<?xml version="1.0" encoding="UTF-8"?>
<testsuite name="com.forge.revature.demo.HonorsControllerTest" tests="3" skipped="0" failures="0" errors="0" timestamp="2021-05-14T05:50:34" hostname="LAPTOP-CSV1PGJG" time="0.026">
  <properties/>
  <testcase name="postHonorsCreatesHonors()" classname="com.forge.revature.demo.HonorsControllerTest" time="0.013"/>
  <testcase name="givenHonorsGetHonorsReturnJson()" classname="com.forge.revature.demo.HonorsControllerTest" time="0.006"/>
  <testcase name="givenHonorsGetAllReturnJsonArray()" classname="com.forge.revature.demo.HonorsControllerTest" time="0.005"/>
  <system-out><![CDATA[2021-05-14 00:50:33.778  INFO 17316 --- [    Test worker] .b.t.a.w.s.WebMvcTestContextBootstrapper : Neither @ContextConfiguration nor @ContextHierarchy found for test class [com.forge.revature.demo.HonorsControllerTest], using SpringBootContextLoader
2021-05-14 00:50:33.779  INFO 17316 --- [    Test worker] o.s.t.c.support.AbstractContextLoader    : Could not detect default resource locations for test class [com.forge.revature.demo.HonorsControllerTest]: no resource found for suffixes {-context.xml, Context.groovy}.
2021-05-14 00:50:33.779  INFO 17316 --- [    Test worker] t.c.s.AnnotationConfigContextLoaderUtils : Could not detect default configuration classes for test class [com.forge.revature.demo.HonorsControllerTest]: HonorsControllerTest does not declare any static, non-private, non-final, nested classes annotated with @Configuration.
2021-05-14 00:50:33.781  INFO 17316 --- [    Test worker] .b.t.c.SpringBootTestContextBootstrapper : Found @SpringBootConfiguration com.forge.revature.DemoApplication for test class com.forge.revature.demo.HonorsControllerTest
2021-05-14 00:50:33.781  INFO 17316 --- [    Test worker] .b.t.a.w.s.WebMvcTestContextBootstrapper : Loaded default TestExecutionListener class names from location [META-INF/spring.factories]: [org.springframework.boot.test.autoconfigure.restdocs.RestDocsTestExecutionListener, org.springframework.boot.test.autoconfigure.web.client.MockRestServiceServerResetTestExecutionListener, org.springframework.boot.test.autoconfigure.web.servlet.MockMvcPrintOnlyOnFailureTestExecutionListener, org.springframework.boot.test.autoconfigure.web.servlet.WebDriverTestExecutionListener, org.springframework.boot.test.autoconfigure.webservices.client.MockWebServiceServerTestExecutionListener, org.springframework.boot.test.mock.mockito.MockitoTestExecutionListener, org.springframework.boot.test.mock.mockito.ResetMocksTestExecutionListener, org.springframework.test.context.web.ServletTestExecutionListener, org.springframework.test.context.support.DirtiesContextBeforeModesTestExecutionListener, org.springframework.test.context.event.ApplicationEventsTestExecutionListener, org.springframework.test.context.support.DependencyInjectionTestExecutionListener, org.springframework.test.context.support.DirtiesContextTestExecutionListener, org.springframework.test.context.transaction.TransactionalTestExecutionListener, org.springframework.test.context.jdbc.SqlScriptsTestExecutionListener, org.springframework.test.context.event.EventPublishingTestExecutionListener]
2021-05-14 00:50:33.781  INFO 17316 --- [    Test worker] .b.t.a.w.s.WebMvcTestContextBootstrapper : Using TestExecutionListeners: [org.springframework.test.context.web.ServletTestExecutionListener@2d08fce, org.springframework.test.context.support.DirtiesContextBeforeModesTestExecutionListener@2d2cb5c4, org.springframework.test.context.event.ApplicationEventsTestExecutionListener@328dca1e, org.springframework.boot.test.mock.mockito.MockitoTestExecutionListener@6fc54381, org.springframework.boot.test.autoconfigure.SpringBootDependencyInjectionTestExecutionListener@69ed0f48, org.springframework.test.context.support.DirtiesContextTestExecutionListener@21271524, org.springframework.test.context.transaction.TransactionalTestExecutionListener@7da6f624, org.springframework.test.context.jdbc.SqlScriptsTestExecutionListener@38ba6b5a, org.springframework.test.context.event.EventPublishingTestExecutionListener@392ca44a, org.springframework.boot.test.autoconfigure.restdocs.RestDocsTestExecutionListener@20bb087e, org.springframework.boot.test.autoconfigure.web.client.MockRestServiceServerResetTestExecutionListener@6ae6dd9b, org.springframework.boot.test.autoconfigure.web.servlet.MockMvcPrintOnlyOnFailureTestExecutionListener@16d9b26, org.springframework.boot.test.autoconfigure.web.servlet.WebDriverTestExecutionListener@5dbf71b5, org.springframework.boot.test.autoconfigure.webservices.client.MockWebServiceServerTestExecutionListener@253f7a84, org.springframework.boot.test.mock.mockito.ResetMocksTestExecutionListener@79e971bd]

  .   ____          _            __ _ _
 /\\ / ___'_ __ _ _(_)_ __  __ _ \ \ \ \
( ( )\___ | '_ | '_| | '_ \/ _` | \ \ \ \
 \\/  ___)| |_)| | | | | || (_| |  ) ) ) )
  '  |____| .__|_| |_|_| |_\__, | / / / /
 =========|_|==============|___/=/_/_/_/
 :: Spring Boot ::                (v2.4.5)

2021-05-14 00:50:34.064  INFO 17316 --- [    Test worker] c.f.revature.demo.HonorsControllerTest   : Starting HonorsControllerTest using Java 11.0.10 on LAPTOP-CSV1PGJG with PID 17316 (started by dvusi in C:\Users\dvusi\OneDrive\Documents\Revature\Training\Portfolio\Forge-Backend)
2021-05-14 00:50:34.064  INFO 17316 --- [    Test worker] c.f.revature.demo.HonorsControllerTest   : No active profile set, falling back to default profiles: default
2021-05-14 00:50:34.289  INFO 17316 --- [    Test worker] o.s.s.concurrent.ThreadPoolTaskExecutor  : Initializing ExecutorService 'applicationTaskExecutor'
2021-05-14 00:50:34.408  WARN 17316 --- [    Test worker] o.s.b.a.f.FreeMarkerAutoConfiguration    : Cannot find template location(s): [classpath:/templates/] (please add some templates, check your FreeMarker configuration, or set spring.freemarker.checkTemplateLocation=false)
2021-05-14 00:50:34.449  INFO 17316 --- [    Test worker] o.s.b.t.m.w.SpringBootMockServletContext : Initializing Spring TestDispatcherServlet ''
2021-05-14 00:50:34.449  INFO 17316 --- [    Test worker] o.s.t.web.servlet.TestDispatcherServlet  : Initializing Servlet ''
2021-05-14 00:50:34.449  INFO 17316 --- [    Test worker] o.s.t.web.servlet.TestDispatcherServlet  : Completed initialization in 0 ms
2021-05-14 00:50:34.458  INFO 17316 --- [    Test worker] c.f.revature.demo.HonorsControllerTest   : Started HonorsControllerTest in 0.675 seconds (JVM running for 24.324)
]]></system-out>
  <system-err><![CDATA[]]></system-err>
</testsuite>
