<?xml version="1.0" encoding="UTF-8"?>
<testsuite name="com.forge.revature.demo.HonorsControllerTest" tests="3" skipped="0" failures="0" errors="0" timestamp="2021-05-13T05:57:34" hostname="LAPTOP-CSV1PGJG" time="0.025">
  <properties/>
  <testcase name="postHonorsCreatesHonors()" classname="com.forge.revature.demo.HonorsControllerTest" time="0.01"/>
  <testcase name="givenHonorsGetHonorsReturnJson()" classname="com.forge.revature.demo.HonorsControllerTest" time="0.007"/>
  <testcase name="givenHonorsGetAllReturnJsonArray()" classname="com.forge.revature.demo.HonorsControllerTest" time="0.006"/>
  <system-out><![CDATA[2021-05-13 00:57:33.626  INFO 9688 --- [    Test worker] .b.t.a.w.s.WebMvcTestContextBootstrapper : Neither @ContextConfiguration nor @ContextHierarchy found for test class [com.forge.revature.demo.HonorsControllerTest], using SpringBootContextLoader
2021-05-13 00:57:33.628  INFO 9688 --- [    Test worker] o.s.t.c.support.AbstractContextLoader    : Could not detect default resource locations for test class [com.forge.revature.demo.HonorsControllerTest]: no resource found for suffixes {-context.xml, Context.groovy}.
2021-05-13 00:57:33.628  INFO 9688 --- [    Test worker] t.c.s.AnnotationConfigContextLoaderUtils : Could not detect default configuration classes for test class [com.forge.revature.demo.HonorsControllerTest]: HonorsControllerTest does not declare any static, non-private, non-final, nested classes annotated with @Configuration.
2021-05-13 00:57:33.631  INFO 9688 --- [    Test worker] .b.t.c.SpringBootTestContextBootstrapper : Found @SpringBootConfiguration com.forge.revature.DemoApplication for test class com.forge.revature.demo.HonorsControllerTest
2021-05-13 00:57:33.632  INFO 9688 --- [    Test worker] .b.t.a.w.s.WebMvcTestContextBootstrapper : Loaded default TestExecutionListener class names from location [META-INF/spring.factories]: [org.springframework.boot.test.autoconfigure.restdocs.RestDocsTestExecutionListener, org.springframework.boot.test.autoconfigure.web.client.MockRestServiceServerResetTestExecutionListener, org.springframework.boot.test.autoconfigure.web.servlet.MockMvcPrintOnlyOnFailureTestExecutionListener, org.springframework.boot.test.autoconfigure.web.servlet.WebDriverTestExecutionListener, org.springframework.boot.test.autoconfigure.webservices.client.MockWebServiceServerTestExecutionListener, org.springframework.boot.test.mock.mockito.MockitoTestExecutionListener, org.springframework.boot.test.mock.mockito.ResetMocksTestExecutionListener, org.springframework.test.context.web.ServletTestExecutionListener, org.springframework.test.context.support.DirtiesContextBeforeModesTestExecutionListener, org.springframework.test.context.event.ApplicationEventsTestExecutionListener, org.springframework.test.context.support.DependencyInjectionTestExecutionListener, org.springframework.test.context.support.DirtiesContextTestExecutionListener, org.springframework.test.context.transaction.TransactionalTestExecutionListener, org.springframework.test.context.jdbc.SqlScriptsTestExecutionListener, org.springframework.test.context.event.EventPublishingTestExecutionListener]
2021-05-13 00:57:33.632  INFO 9688 --- [    Test worker] .b.t.a.w.s.WebMvcTestContextBootstrapper : Using TestExecutionListeners: [org.springframework.test.context.web.ServletTestExecutionListener@6ea5a9d6, org.springframework.test.context.support.DirtiesContextBeforeModesTestExecutionListener@1de2bc55, org.springframework.test.context.event.ApplicationEventsTestExecutionListener@bddb8c5, org.springframework.boot.test.mock.mockito.MockitoTestExecutionListener@20cdf87b, org.springframework.boot.test.autoconfigure.SpringBootDependencyInjectionTestExecutionListener@63e51ead, org.springframework.test.context.support.DirtiesContextTestExecutionListener@6bed0690, org.springframework.test.context.transaction.TransactionalTestExecutionListener@d9080b8, org.springframework.test.context.jdbc.SqlScriptsTestExecutionListener@4251af51, org.springframework.test.context.event.EventPublishingTestExecutionListener@90ad1c0, org.springframework.boot.test.autoconfigure.restdocs.RestDocsTestExecutionListener@ad09ff7, org.springframework.boot.test.autoconfigure.web.client.MockRestServiceServerResetTestExecutionListener@3cc5b55, org.springframework.boot.test.autoconfigure.web.servlet.MockMvcPrintOnlyOnFailureTestExecutionListener@4ca8575a, org.springframework.boot.test.autoconfigure.web.servlet.WebDriverTestExecutionListener@13f30bde, org.springframework.boot.test.autoconfigure.webservices.client.MockWebServiceServerTestExecutionListener@1dd21170, org.springframework.boot.test.mock.mockito.ResetMocksTestExecutionListener@7ca5e76c]

  .   ____          _            __ _ _
 /\\ / ___'_ __ _ _(_)_ __  __ _ \ \ \ \
( ( )\___ | '_ | '_| | '_ \/ _` | \ \ \ \
 \\/  ___)| |_)| | | | | || (_| |  ) ) ) )
  '  |____| .__|_| |_|_| |_\__, | / / / /
 =========|_|==============|___/=/_/_/_/
 :: Spring Boot ::                (v2.4.5)

2021-05-13 00:57:33.914  INFO 9688 --- [    Test worker] c.f.revature.demo.HonorsControllerTest   : Starting HonorsControllerTest using Java 11.0.10 on LAPTOP-CSV1PGJG with PID 9688 (started by dvusi in C:\Users\dvusi\OneDrive\Documents\Revature\Training\Portfolio\Forge-Backend)
2021-05-13 00:57:33.914  INFO 9688 --- [    Test worker] c.f.revature.demo.HonorsControllerTest   : No active profile set, falling back to default profiles: default
2021-05-13 00:57:34.248  INFO 9688 --- [    Test worker] o.s.s.concurrent.ThreadPoolTaskExecutor  : Initializing ExecutorService 'applicationTaskExecutor'
2021-05-13 00:57:34.397  WARN 9688 --- [    Test worker] o.s.b.a.f.FreeMarkerAutoConfiguration    : Cannot find template location(s): [classpath:/templates/] (please add some templates, check your FreeMarker configuration, or set spring.freemarker.checkTemplateLocation=false)
2021-05-13 00:57:34.455  INFO 9688 --- [    Test worker] o.s.b.t.m.w.SpringBootMockServletContext : Initializing Spring TestDispatcherServlet ''
2021-05-13 00:57:34.455  INFO 9688 --- [    Test worker] o.s.t.web.servlet.TestDispatcherServlet  : Initializing Servlet ''
2021-05-13 00:57:34.456  INFO 9688 --- [    Test worker] o.s.t.web.servlet.TestDispatcherServlet  : Completed initialization in 1 ms
2021-05-13 00:57:34.468  INFO 9688 --- [    Test worker] c.f.revature.demo.HonorsControllerTest   : Started HonorsControllerTest in 0.834 seconds (JVM running for 9.964)
]]></system-out>
  <system-err><![CDATA[]]></system-err>
</testsuite>
