<?xml version="1.0" encoding="UTF-8"?>
<testsuite name="com.forge.revature.demo.DemoApplicationTests" tests="1" skipped="0" failures="0" errors="0" timestamp="2021-05-13T03:23:23" hostname="LAPTOP-CSV1PGJG" time="0.114">
  <properties/>
  <testcase name="contextLoads()" classname="com.forge.revature.demo.DemoApplicationTests" time="0.114"/>
  <system-out><![CDATA[22:23:17.114 [Test worker] DEBUG org.springframework.test.context.BootstrapUtils - Instantiating CacheAwareContextLoaderDelegate from class [org.springframework.test.context.cache.DefaultCacheAwareContextLoaderDelegate]
22:23:17.128 [Test worker] DEBUG org.springframework.test.context.BootstrapUtils - Instantiating BootstrapContext using constructor [public org.springframework.test.context.support.DefaultBootstrapContext(java.lang.Class,org.springframework.test.context.CacheAwareContextLoaderDelegate)]
22:23:17.160 [Test worker] DEBUG org.springframework.test.context.BootstrapUtils - Instantiating TestContextBootstrapper for test class [com.forge.revature.demo.DemoApplicationTests] from class [org.springframework.boot.test.context.SpringBootTestContextBootstrapper]
22:23:17.171 [Test worker] INFO org.springframework.boot.test.context.SpringBootTestContextBootstrapper - Neither @ContextConfiguration nor @ContextHierarchy found for test class [com.forge.revature.demo.DemoApplicationTests], using SpringBootContextLoader
22:23:17.175 [Test worker] DEBUG org.springframework.test.context.support.AbstractContextLoader - Did not detect default resource location for test class [com.forge.revature.demo.DemoApplicationTests]: class path resource [com/forge/revature/demo/DemoApplicationTests-context.xml] does not exist
22:23:17.175 [Test worker] DEBUG org.springframework.test.context.support.AbstractContextLoader - Did not detect default resource location for test class [com.forge.revature.demo.DemoApplicationTests]: class path resource [com/forge/revature/demo/DemoApplicationTestsContext.groovy] does not exist
22:23:17.175 [Test worker] INFO org.springframework.test.context.support.AbstractContextLoader - Could not detect default resource locations for test class [com.forge.revature.demo.DemoApplicationTests]: no resource found for suffixes {-context.xml, Context.groovy}.
22:23:17.176 [Test worker] INFO org.springframework.test.context.support.AnnotationConfigContextLoaderUtils - Could not detect default configuration classes for test class [com.forge.revature.demo.DemoApplicationTests]: DemoApplicationTests does not declare any static, non-private, non-final, nested classes annotated with @Configuration.
22:23:17.222 [Test worker] DEBUG org.springframework.test.context.support.ActiveProfilesUtils - Could not find an 'annotation declaring class' for annotation type [org.springframework.test.context.ActiveProfiles] and class [com.forge.revature.demo.DemoApplicationTests]
22:23:17.282 [Test worker] DEBUG org.springframework.context.annotation.ClassPathScanningCandidateComponentProvider - Identified candidate component class: file [C:\Users\dvusi\OneDrive\Documents\Revature\Training\Portfolio\Forge-Backend\build\classes\java\main\com\forge\revature\DemoApplication.class]
22:23:17.283 [Test worker] INFO org.springframework.boot.test.context.SpringBootTestContextBootstrapper - Found @SpringBootConfiguration com.forge.revature.DemoApplication for test class com.forge.revature.demo.DemoApplicationTests
22:23:17.407 [Test worker] DEBUG org.springframework.boot.test.context.SpringBootTestContextBootstrapper - @TestExecutionListeners is not present for class [com.forge.revature.demo.DemoApplicationTests]: using defaults.
22:23:17.408 [Test worker] INFO org.springframework.boot.test.context.SpringBootTestContextBootstrapper - Loaded default TestExecutionListener class names from location [META-INF/spring.factories]: [org.springframework.boot.test.autoconfigure.restdocs.RestDocsTestExecutionListener, org.springframework.boot.test.autoconfigure.web.client.MockRestServiceServerResetTestExecutionListener, org.springframework.boot.test.autoconfigure.web.servlet.MockMvcPrintOnlyOnFailureTestExecutionListener, org.springframework.boot.test.autoconfigure.web.servlet.WebDriverTestExecutionListener, org.springframework.boot.test.autoconfigure.webservices.client.MockWebServiceServerTestExecutionListener, org.springframework.boot.test.mock.mockito.MockitoTestExecutionListener, org.springframework.boot.test.mock.mockito.ResetMocksTestExecutionListener, org.springframework.test.context.web.ServletTestExecutionListener, org.springframework.test.context.support.DirtiesContextBeforeModesTestExecutionListener, org.springframework.test.context.event.ApplicationEventsTestExecutionListener, org.springframework.test.context.support.DependencyInjectionTestExecutionListener, org.springframework.test.context.support.DirtiesContextTestExecutionListener, org.springframework.test.context.transaction.TransactionalTestExecutionListener, org.springframework.test.context.jdbc.SqlScriptsTestExecutionListener, org.springframework.test.context.event.EventPublishingTestExecutionListener]
22:23:17.429 [Test worker] INFO org.springframework.boot.test.context.SpringBootTestContextBootstrapper - Using TestExecutionListeners: [org.springframework.test.context.web.ServletTestExecutionListener@36068c02, org.springframework.test.context.support.DirtiesContextBeforeModesTestExecutionListener@49fe4b75, org.springframework.test.context.event.ApplicationEventsTestExecutionListener@41dfbd3e, org.springframework.boot.test.mock.mockito.MockitoTestExecutionListener@2f166c1, org.springframework.boot.test.autoconfigure.SpringBootDependencyInjectionTestExecutionListener@158c01, org.springframework.test.context.support.DirtiesContextTestExecutionListener@3b8bca95, org.springframework.test.context.transaction.TransactionalTestExecutionListener@781b697, org.springframework.test.context.jdbc.SqlScriptsTestExecutionListener@e4f1fc8, org.springframework.test.context.event.EventPublishingTestExecutionListener@2296ef84, org.springframework.boot.test.autoconfigure.restdocs.RestDocsTestExecutionListener@472c4621, org.springframework.boot.test.autoconfigure.web.client.MockRestServiceServerResetTestExecutionListener@4d13655d, org.springframework.boot.test.autoconfigure.web.servlet.MockMvcPrintOnlyOnFailureTestExecutionListener@3bd49268, org.springframework.boot.test.autoconfigure.web.servlet.WebDriverTestExecutionListener@2e2ba059, org.springframework.boot.test.autoconfigure.webservices.client.MockWebServiceServerTestExecutionListener@b93e6f3, org.springframework.boot.test.mock.mockito.ResetMocksTestExecutionListener@5dfc5351]
22:23:17.433 [Test worker] DEBUG org.springframework.test.context.support.AbstractDirtiesContextTestExecutionListener - Before test class: context [DefaultTestContext@524b36a1 testClass = DemoApplicationTests, testInstance = [null], testMethod = [null], testException = [null], mergedContextConfiguration = [WebMergedContextConfiguration@58cb3931 testClass = DemoApplicationTests, locations = '{}', classes = '{class com.forge.revature.DemoApplication}', contextInitializerClasses = '[]', activeProfiles = '{}', propertySourceLocations = '{}', propertySourceProperties = '{org.springframework.boot.test.context.SpringBootTestContextBootstrapper=true}', contextCustomizers = set[org.springframework.boot.test.autoconfigure.actuate.metrics.MetricsExportContextCustomizerFactory$DisableMetricExportContextCustomizer@1dba215d, org.springframework.boot.test.autoconfigure.properties.PropertyMappingContextCustomizer@0, org.springframework.boot.test.autoconfigure.web.servlet.WebDriverContextCustomizerFactory$Customizer@26a26eab, org.springframework.boot.test.context.filter.ExcludeFilterContextCustomizer@76f1ccae, org.springframework.boot.test.json.DuplicateJsonObjectContextCustomizerFactory$DuplicateJsonObjectContextCustomizer@6fb716e4, org.springframework.boot.test.mock.mockito.MockitoContextCustomizer@0, org.springframework.boot.test.web.client.TestRestTemplateContextCustomizer@1285b9a9, org.springframework.boot.test.web.reactive.server.WebTestClientContextCustomizer@28bb267f, org.springframework.boot.test.context.SpringBootTestArgs@1, org.springframework.boot.test.context.SpringBootTestWebEnvironment@5160d43b], resourceBasePath = 'src/main/webapp', contextLoader = 'org.springframework.boot.test.context.SpringBootContextLoader', parent = [null]], attributes = map['org.springframework.test.context.web.ServletTestExecutionListener.activateListener' -> true]], class annotated with @DirtiesContext [false] with mode [null].
22:23:17.489 [Test worker] DEBUG org.springframework.test.context.support.TestPropertySourceUtils - Adding inlined properties to environment: {spring.jmx.enabled=false, org.springframework.boot.test.context.SpringBootTestContextBootstrapper=true}

  .   ____          _            __ _ _
 /\\ / ___'_ __ _ _(_)_ __  __ _ \ \ \ \
( ( )\___ | '_ | '_| | '_ \/ _` | \ \ \ \
 \\/  ___)| |_)| | | | | || (_| |  ) ) ) )
  '  |____| .__|_| |_|_| |_\__, | / / / /
 =========|_|==============|___/=/_/_/_/
 :: Spring Boot ::                (v2.4.5)

2021-05-12 22:23:18.034  INFO 17004 --- [    Test worker] c.f.revature.demo.DemoApplicationTests   : Starting DemoApplicationTests using Java 11.0.10 on LAPTOP-CSV1PGJG with PID 17004 (started by dvusi in C:\Users\dvusi\OneDrive\Documents\Revature\Training\Portfolio\Forge-Backend)
2021-05-12 22:23:18.035  INFO 17004 --- [    Test worker] c.f.revature.demo.DemoApplicationTests   : No active profile set, falling back to default profiles: default
2021-05-12 22:23:18.875  INFO 17004 --- [    Test worker] .s.d.r.c.RepositoryConfigurationDelegate : Bootstrapping Spring Data JPA repositories in DEFAULT mode.
2021-05-12 22:23:19.097  INFO 17004 --- [    Test worker] .s.d.r.c.RepositoryConfigurationDelegate : Finished Spring Data repository scanning in 200 ms. Found 3 JPA repository interfaces.
2021-05-12 22:23:19.343  INFO 17004 --- [    Test worker] o.s.cloud.context.scope.GenericScope     : BeanFactory id=ec7f815a-009c-36c7-ae75-1371d38569b6
2021-05-12 22:23:19.777  INFO 17004 --- [    Test worker] com.zaxxer.hikari.HikariDataSource       : HikariPool-1 - Starting...
2021-05-12 22:23:19.976  INFO 17004 --- [    Test worker] com.zaxxer.hikari.HikariDataSource       : HikariPool-1 - Start completed.
2021-05-12 22:23:20.070  INFO 17004 --- [    Test worker] o.hibernate.jpa.internal.util.LogHelper  : HHH000204: Processing PersistenceUnitInfo [name: default]
2021-05-12 22:23:20.141  INFO 17004 --- [    Test worker] org.hibernate.Version                    : HHH000412: Hibernate ORM core version 5.4.30.Final
2021-05-12 22:23:20.358  INFO 17004 --- [    Test worker] o.hibernate.annotations.common.Version   : HCANN000001: Hibernate Commons Annotations {5.1.2.Final}
2021-05-12 22:23:20.523  INFO 17004 --- [    Test worker] org.hibernate.dialect.Dialect            : HHH000400: Using dialect: org.hibernate.dialect.H2Dialect
2021-05-12 22:23:21.212  INFO 17004 --- [    Test worker] o.h.e.t.j.p.i.JtaPlatformInitiator       : HHH000490: Using JtaPlatform implementation: [org.hibernate.engine.transaction.jta.platform.internal.NoJtaPlatform]
2021-05-12 22:23:21.229  INFO 17004 --- [    Test worker] j.LocalContainerEntityManagerFactoryBean : Initialized JPA EntityManagerFactory for persistence unit 'default'
2021-05-12 22:23:22.084  WARN 17004 --- [    Test worker] JpaBaseConfiguration$JpaWebConfiguration : spring.jpa.open-in-view is enabled by default. Therefore, database queries may be performed during view rendering. Explicitly configure spring.jpa.open-in-view to disable this warning
2021-05-12 22:23:22.466  INFO 17004 --- [    Test worker] o.s.s.concurrent.ThreadPoolTaskExecutor  : Initializing ExecutorService 'applicationTaskExecutor'
2021-05-12 22:23:22.530  INFO 17004 --- [    Test worker] o.s.b.a.h2.H2ConsoleAutoConfiguration    : H2 console available at '/h2-console'. Database available at 'jdbc:h2:mem:testdb'
2021-05-12 22:23:23.093  WARN 17004 --- [    Test worker] o.s.b.a.f.FreeMarkerAutoConfiguration    : Cannot find template location(s): [classpath:/templates/] (please add some templates, check your FreeMarker configuration, or set spring.freemarker.checkTemplateLocation=false)
2021-05-12 22:23:23.760  INFO 17004 --- [    Test worker] s.a.ScheduledAnnotationBeanPostProcessor : No TaskScheduler/ScheduledExecutorService bean found for scheduled processing
2021-05-12 22:23:23.770  INFO 17004 --- [    Test worker] c.f.revature.demo.DemoApplicationTests   : Started DemoApplicationTests in 6.274 seconds (JVM running for 7.58)
]]></system-out>
  <system-err><![CDATA[]]></system-err>
</testsuite>
