<?xml version="1.0" encoding="UTF-8"?>
<testsuite name="com.forge.revature.demo.WorkHistoryControllerTest" tests="3" skipped="0" failures="0" errors="0" timestamp="2021-05-13T05:57:35" hostname="LAPTOP-CSV1PGJG" time="0.024">
  <properties/>
  <testcase name="givenWorkHistoryGetWorkHistoryReturnJson()" classname="com.forge.revature.demo.WorkHistoryControllerTest" time="0.009"/>
  <testcase name="postWorkHistoryCreatesWorkHistory()" classname="com.forge.revature.demo.WorkHistoryControllerTest" time="0.008"/>
  <testcase name="givenWorkHistoryGetAllReturnJsonArray()" classname="com.forge.revature.demo.WorkHistoryControllerTest" time="0.006"/>
  <system-out><![CDATA[2021-05-13 00:57:34.499  INFO 9688 --- [    Test worker] .b.t.a.w.s.WebMvcTestContextBootstrapper : Neither @ContextConfiguration nor @ContextHierarchy found for test class [com.forge.revature.demo.WorkHistoryControllerTest], using SpringBootContextLoader
2021-05-13 00:57:34.500  INFO 9688 --- [    Test worker] o.s.t.c.support.AbstractContextLoader    : Could not detect default resource locations for test class [com.forge.revature.demo.WorkHistoryControllerTest]: no resource found for suffixes {-context.xml, Context.groovy}.
2021-05-13 00:57:34.500  INFO 9688 --- [    Test worker] t.c.s.AnnotationConfigContextLoaderUtils : Could not detect default configuration classes for test class [com.forge.revature.demo.WorkHistoryControllerTest]: WorkHistoryControllerTest does not declare any static, non-private, non-final, nested classes annotated with @Configuration.
2021-05-13 00:57:34.503  INFO 9688 --- [    Test worker] .b.t.c.SpringBootTestContextBootstrapper : Found @SpringBootConfiguration com.forge.revature.DemoApplication for test class com.forge.revature.demo.WorkHistoryControllerTest
2021-05-13 00:57:34.504  INFO 9688 --- [    Test worker] .b.t.a.w.s.WebMvcTestContextBootstrapper : Loaded default TestExecutionListener class names from location [META-INF/spring.factories]: [org.springframework.boot.test.autoconfigure.restdocs.RestDocsTestExecutionListener, org.springframework.boot.test.autoconfigure.web.client.MockRestServiceServerResetTestExecutionListener, org.springframework.boot.test.autoconfigure.web.servlet.MockMvcPrintOnlyOnFailureTestExecutionListener, org.springframework.boot.test.autoconfigure.web.servlet.WebDriverTestExecutionListener, org.springframework.boot.test.autoconfigure.webservices.client.MockWebServiceServerTestExecutionListener, org.springframework.boot.test.mock.mockito.MockitoTestExecutionListener, org.springframework.boot.test.mock.mockito.ResetMocksTestExecutionListener, org.springframework.test.context.web.ServletTestExecutionListener, org.springframework.test.context.support.DirtiesContextBeforeModesTestExecutionListener, org.springframework.test.context.event.ApplicationEventsTestExecutionListener, org.springframework.test.context.support.DependencyInjectionTestExecutionListener, org.springframework.test.context.support.DirtiesContextTestExecutionListener, org.springframework.test.context.transaction.TransactionalTestExecutionListener, org.springframework.test.context.jdbc.SqlScriptsTestExecutionListener, org.springframework.test.context.event.EventPublishingTestExecutionListener]
2021-05-13 00:57:34.504  INFO 9688 --- [    Test worker] .b.t.a.w.s.WebMvcTestContextBootstrapper : Using TestExecutionListeners: [org.springframework.test.context.web.ServletTestExecutionListener@4c26f202, org.springframework.test.context.support.DirtiesContextBeforeModesTestExecutionListener@4ec97aa5, org.springframework.test.context.event.ApplicationEventsTestExecutionListener@3f8cfc23, org.springframework.boot.test.mock.mockito.MockitoTestExecutionListener@60b3bfc3, org.springframework.boot.test.autoconfigure.SpringBootDependencyInjectionTestExecutionListener@1bfee735, org.springframework.test.context.support.DirtiesContextTestExecutionListener@1ee7babd, org.springframework.test.context.transaction.TransactionalTestExecutionListener@465220a6, org.springframework.test.context.jdbc.SqlScriptsTestExecutionListener@3be2c208, org.springframework.test.context.event.EventPublishingTestExecutionListener@57495d0e, org.springframework.boot.test.autoconfigure.restdocs.RestDocsTestExecutionListener@74d82708, org.springframework.boot.test.autoconfigure.web.client.MockRestServiceServerResetTestExecutionListener@23586e25, org.springframework.boot.test.autoconfigure.web.servlet.MockMvcPrintOnlyOnFailureTestExecutionListener@e070ac4, org.springframework.boot.test.autoconfigure.web.servlet.WebDriverTestExecutionListener@133b8727, org.springframework.boot.test.autoconfigure.webservices.client.MockWebServiceServerTestExecutionListener@266e122f, org.springframework.boot.test.mock.mockito.ResetMocksTestExecutionListener@46277981]

  .   ____          _            __ _ _
 /\\ / ___'_ __ _ _(_)_ __  __ _ \ \ \ \
( ( )\___ | '_ | '_| | '_ \/ _` | \ \ \ \
 \\/  ___)| |_)| | | | | || (_| |  ) ) ) )
  '  |____| .__|_| |_|_| |_\__, | / / / /
 =========|_|==============|___/=/_/_/_/
 :: Spring Boot ::                (v2.4.5)

2021-05-13 00:57:34.798  INFO 9688 --- [    Test worker] c.f.r.demo.WorkHistoryControllerTest     : Starting WorkHistoryControllerTest using Java 11.0.10 on LAPTOP-CSV1PGJG with PID 9688 (started by dvusi in C:\Users\dvusi\OneDrive\Documents\Revature\Training\Portfolio\Forge-Backend)
2021-05-13 00:57:34.798  INFO 9688 --- [    Test worker] c.f.r.demo.WorkHistoryControllerTest     : No active profile set, falling back to default profiles: default
2021-05-13 00:57:35.067  INFO 9688 --- [    Test worker] o.s.s.concurrent.ThreadPoolTaskExecutor  : Initializing ExecutorService 'applicationTaskExecutor'
2021-05-13 00:57:35.215  WARN 9688 --- [    Test worker] o.s.b.a.f.FreeMarkerAutoConfiguration    : Cannot find template location(s): [classpath:/templates/] (please add some templates, check your FreeMarker configuration, or set spring.freemarker.checkTemplateLocation=false)
2021-05-13 00:57:35.265  INFO 9688 --- [    Test worker] o.s.b.t.m.w.SpringBootMockServletContext : Initializing Spring TestDispatcherServlet ''
2021-05-13 00:57:35.265  INFO 9688 --- [    Test worker] o.s.t.web.servlet.TestDispatcherServlet  : Initializing Servlet ''
2021-05-13 00:57:35.265  INFO 9688 --- [    Test worker] o.s.t.web.servlet.TestDispatcherServlet  : Completed initialization in 0 ms
2021-05-13 00:57:35.276  INFO 9688 --- [    Test worker] c.f.r.demo.WorkHistoryControllerTest     : Started WorkHistoryControllerTest in 0.77 seconds (JVM running for 10.772)
]]></system-out>
  <system-err><![CDATA[]]></system-err>
</testsuite>
