<?xml version="1.0" encoding="UTF-8"?>
<testsuite name="com.forge.revature.demo.WorkHistoryControllerTest" tests="3" skipped="0" failures="0" errors="0" timestamp="2021-05-14T05:50:43" hostname="LAPTOP-CSV1PGJG" time="0.022">
  <properties/>
  <testcase name="givenWorkHistoryGetWorkHistoryReturnJson()" classname="com.forge.revature.demo.WorkHistoryControllerTest" time="0.007"/>
  <testcase name="postWorkHistoryCreatesWorkHistory()" classname="com.forge.revature.demo.WorkHistoryControllerTest" time="0.009"/>
  <testcase name="givenWorkHistoryGetAllReturnJsonArray()" classname="com.forge.revature.demo.WorkHistoryControllerTest" time="0.006"/>
  <system-out><![CDATA[2021-05-14 00:50:42.426  INFO 17316 --- [    Test worker] .b.t.a.w.s.WebMvcTestContextBootstrapper : Neither @ContextConfiguration nor @ContextHierarchy found for test class [com.forge.revature.demo.WorkHistoryControllerTest], using SpringBootContextLoader
2021-05-14 00:50:42.427  INFO 17316 --- [    Test worker] o.s.t.c.support.AbstractContextLoader    : Could not detect default resource locations for test class [com.forge.revature.demo.WorkHistoryControllerTest]: no resource found for suffixes {-context.xml, Context.groovy}.
2021-05-14 00:50:42.427  INFO 17316 --- [    Test worker] t.c.s.AnnotationConfigContextLoaderUtils : Could not detect default configuration classes for test class [com.forge.revature.demo.WorkHistoryControllerTest]: WorkHistoryControllerTest does not declare any static, non-private, non-final, nested classes annotated with @Configuration.
2021-05-14 00:50:42.429  INFO 17316 --- [    Test worker] .b.t.c.SpringBootTestContextBootstrapper : Found @SpringBootConfiguration com.forge.revature.DemoApplication for test class com.forge.revature.demo.WorkHistoryControllerTest
2021-05-14 00:50:42.429  INFO 17316 --- [    Test worker] .b.t.a.w.s.WebMvcTestContextBootstrapper : Loaded default TestExecutionListener class names from location [META-INF/spring.factories]: [org.springframework.boot.test.autoconfigure.restdocs.RestDocsTestExecutionListener, org.springframework.boot.test.autoconfigure.web.client.MockRestServiceServerResetTestExecutionListener, org.springframework.boot.test.autoconfigure.web.servlet.MockMvcPrintOnlyOnFailureTestExecutionListener, org.springframework.boot.test.autoconfigure.web.servlet.WebDriverTestExecutionListener, org.springframework.boot.test.autoconfigure.webservices.client.MockWebServiceServerTestExecutionListener, org.springframework.boot.test.mock.mockito.MockitoTestExecutionListener, org.springframework.boot.test.mock.mockito.ResetMocksTestExecutionListener, org.springframework.test.context.web.ServletTestExecutionListener, org.springframework.test.context.support.DirtiesContextBeforeModesTestExecutionListener, org.springframework.test.context.event.ApplicationEventsTestExecutionListener, org.springframework.test.context.support.DependencyInjectionTestExecutionListener, org.springframework.test.context.support.DirtiesContextTestExecutionListener, org.springframework.test.context.transaction.TransactionalTestExecutionListener, org.springframework.test.context.jdbc.SqlScriptsTestExecutionListener, org.springframework.test.context.event.EventPublishingTestExecutionListener]
2021-05-14 00:50:42.430  INFO 17316 --- [    Test worker] .b.t.a.w.s.WebMvcTestContextBootstrapper : Using TestExecutionListeners: [org.springframework.test.context.web.ServletTestExecutionListener@4e4e7c32, org.springframework.test.context.support.DirtiesContextBeforeModesTestExecutionListener@ec4ebad, org.springframework.test.context.event.ApplicationEventsTestExecutionListener@1ababd41, org.springframework.boot.test.mock.mockito.MockitoTestExecutionListener@372ff32c, org.springframework.boot.test.autoconfigure.SpringBootDependencyInjectionTestExecutionListener@abda617, org.springframework.test.context.support.DirtiesContextTestExecutionListener@230dad6e, org.springframework.test.context.transaction.TransactionalTestExecutionListener@6c925cfb, org.springframework.test.context.jdbc.SqlScriptsTestExecutionListener@24ec74d6, org.springframework.test.context.event.EventPublishingTestExecutionListener@4306f342, org.springframework.boot.test.autoconfigure.restdocs.RestDocsTestExecutionListener@dae5091, org.springframework.boot.test.autoconfigure.web.client.MockRestServiceServerResetTestExecutionListener@7325a05b, org.springframework.boot.test.autoconfigure.web.servlet.MockMvcPrintOnlyOnFailureTestExecutionListener@34a8302d, org.springframework.boot.test.autoconfigure.web.servlet.WebDriverTestExecutionListener@40c04919, org.springframework.boot.test.autoconfigure.webservices.client.MockWebServiceServerTestExecutionListener@3f95a348, org.springframework.boot.test.mock.mockito.ResetMocksTestExecutionListener@616ceb99]

  .   ____          _            __ _ _
 /\\ / ___'_ __ _ _(_)_ __  __ _ \ \ \ \
( ( )\___ | '_ | '_| | '_ \/ _` | \ \ \ \
 \\/  ___)| |_)| | | | | || (_| |  ) ) ) )
  '  |____| .__|_| |_|_| |_\__, | / / / /
 =========|_|==============|___/=/_/_/_/
 :: Spring Boot ::                (v2.4.5)

2021-05-14 00:50:42.672  INFO 17316 --- [    Test worker] c.f.r.demo.WorkHistoryControllerTest     : Starting WorkHistoryControllerTest using Java 11.0.10 on LAPTOP-CSV1PGJG with PID 17316 (started by dvusi in C:\Users\dvusi\OneDrive\Documents\Revature\Training\Portfolio\Forge-Backend)
2021-05-14 00:50:42.672  INFO 17316 --- [    Test worker] c.f.r.demo.WorkHistoryControllerTest     : No active profile set, falling back to default profiles: default
2021-05-14 00:50:42.860  INFO 17316 --- [    Test worker] o.s.s.concurrent.ThreadPoolTaskExecutor  : Initializing ExecutorService 'applicationTaskExecutor'
2021-05-14 00:50:42.974  WARN 17316 --- [    Test worker] o.s.b.a.f.FreeMarkerAutoConfiguration    : Cannot find template location(s): [classpath:/templates/] (please add some templates, check your FreeMarker configuration, or set spring.freemarker.checkTemplateLocation=false)
2021-05-14 00:50:43.013  INFO 17316 --- [    Test worker] o.s.b.t.m.w.SpringBootMockServletContext : Initializing Spring TestDispatcherServlet ''
2021-05-14 00:50:43.013  INFO 17316 --- [    Test worker] o.s.t.web.servlet.TestDispatcherServlet  : Initializing Servlet ''
2021-05-14 00:50:43.013  INFO 17316 --- [    Test worker] o.s.t.web.servlet.TestDispatcherServlet  : Completed initialization in 0 ms
2021-05-14 00:50:43.021  INFO 17316 --- [    Test worker] c.f.r.demo.WorkHistoryControllerTest     : Started WorkHistoryControllerTest in 0.59 seconds (JVM running for 32.886)
]]></system-out>
  <system-err><![CDATA[]]></system-err>
</testsuite>
