<?xml version="1.0" encoding="UTF-8"?>
<testsuite name="com.forge.revature.demo.DemoApplicationTests" tests="1" skipped="0" failures="0" errors="0" timestamp="2021-05-14T05:50:28" hostname="LAPTOP-CSV1PGJG" time="0.003">
  <properties/>
  <testcase name="contextLoads()" classname="com.forge.revature.demo.DemoApplicationTests" time="0.003"/>
  <system-out><![CDATA[2021-05-14 00:50:26.354  INFO 17316 --- [    Test worker] .b.t.c.SpringBootTestContextBootstrapper : Neither @ContextConfiguration nor @ContextHierarchy found for test class [com.forge.revature.demo.DemoApplicationTests], using SpringBootContextLoader
2021-05-14 00:50:26.356  INFO 17316 --- [    Test worker] o.s.t.c.support.AbstractContextLoader    : Could not detect default resource locations for test class [com.forge.revature.demo.DemoApplicationTests]: no resource found for suffixes {-context.xml, Context.groovy}.
2021-05-14 00:50:26.356  INFO 17316 --- [    Test worker] t.c.s.AnnotationConfigContextLoaderUtils : Could not detect default configuration classes for test class [com.forge.revature.demo.DemoApplicationTests]: DemoApplicationTests does not declare any static, non-private, non-final, nested classes annotated with @Configuration.
2021-05-14 00:50:26.358  INFO 17316 --- [    Test worker] .b.t.c.SpringBootTestContextBootstrapper : Found @SpringBootConfiguration com.forge.revature.DemoApplication for test class com.forge.revature.demo.DemoApplicationTests
2021-05-14 00:50:26.359  INFO 17316 --- [    Test worker] .b.t.c.SpringBootTestContextBootstrapper : Loaded default TestExecutionListener class names from location [META-INF/spring.factories]: [org.springframework.boot.test.autoconfigure.restdocs.RestDocsTestExecutionListener, org.springframework.boot.test.autoconfigure.web.client.MockRestServiceServerResetTestExecutionListener, org.springframework.boot.test.autoconfigure.web.servlet.MockMvcPrintOnlyOnFailureTestExecutionListener, org.springframework.boot.test.autoconfigure.web.servlet.WebDriverTestExecutionListener, org.springframework.boot.test.autoconfigure.webservices.client.MockWebServiceServerTestExecutionListener, org.springframework.boot.test.mock.mockito.MockitoTestExecutionListener, org.springframework.boot.test.mock.mockito.ResetMocksTestExecutionListener, org.springframework.test.context.web.ServletTestExecutionListener, org.springframework.test.context.support.DirtiesContextBeforeModesTestExecutionListener, org.springframework.test.context.event.ApplicationEventsTestExecutionListener, org.springframework.test.context.support.DependencyInjectionTestExecutionListener, org.springframework.test.context.support.DirtiesContextTestExecutionListener, org.springframework.test.context.transaction.TransactionalTestExecutionListener, org.springframework.test.context.jdbc.SqlScriptsTestExecutionListener, org.springframework.test.context.event.EventPublishingTestExecutionListener]
2021-05-14 00:50:26.359  INFO 17316 --- [    Test worker] .b.t.c.SpringBootTestContextBootstrapper : Using TestExecutionListeners: [org.springframework.test.context.web.ServletTestExecutionListener@4b7cfc7f, org.springframework.test.context.support.DirtiesContextBeforeModesTestExecutionListener@577e6743, org.springframework.test.context.event.ApplicationEventsTestExecutionListener@308485ad, org.springframework.boot.test.mock.mockito.MockitoTestExecutionListener@770d582a, org.springframework.boot.test.autoconfigure.SpringBootDependencyInjectionTestExecutionListener@5bbeddb0, org.springframework.test.context.support.DirtiesContextTestExecutionListener@7fdefdfb, org.springframework.test.context.transaction.TransactionalTestExecutionListener@6be3a640, org.springframework.test.context.jdbc.SqlScriptsTestExecutionListener@76b26f1e, org.springframework.test.context.event.EventPublishingTestExecutionListener@5bcc7f25, org.springframework.boot.test.autoconfigure.restdocs.RestDocsTestExecutionListener@53f57082, org.springframework.boot.test.autoconfigure.web.client.MockRestServiceServerResetTestExecutionListener@25521d1a, org.springframework.boot.test.autoconfigure.web.servlet.MockMvcPrintOnlyOnFailureTestExecutionListener@40fd5c31, org.springframework.boot.test.autoconfigure.web.servlet.WebDriverTestExecutionListener@7870265c, org.springframework.boot.test.autoconfigure.webservices.client.MockWebServiceServerTestExecutionListener@7938b0, org.springframework.boot.test.mock.mockito.ResetMocksTestExecutionListener@35f64f68]

  .   ____          _            __ _ _
 /\\ / ___'_ __ _ _(_)_ __  __ _ \ \ \ \
( ( )\___ | '_ | '_| | '_ \/ _` | \ \ \ \
 \\/  ___)| |_)| | | | | || (_| |  ) ) ) )
  '  |____| .__|_| |_|_| |_\__, | / / / /
 =========|_|==============|___/=/_/_/_/
 :: Spring Boot ::                (v2.4.5)

2021-05-14 00:50:26.685  INFO 17316 --- [    Test worker] c.f.revature.demo.DemoApplicationTests   : Starting DemoApplicationTests using Java 11.0.10 on LAPTOP-CSV1PGJG with PID 17316 (started by dvusi in C:\Users\dvusi\OneDrive\Documents\Revature\Training\Portfolio\Forge-Backend)
2021-05-14 00:50:26.685  INFO 17316 --- [    Test worker] c.f.revature.demo.DemoApplicationTests   : No active profile set, falling back to default profiles: default
2021-05-14 00:50:26.895  INFO 17316 --- [    Test worker] .s.d.r.c.RepositoryConfigurationDelegate : Bootstrapping Spring Data JPA repositories in DEFAULT mode.
2021-05-14 00:50:26.924  INFO 17316 --- [    Test worker] .s.d.r.c.RepositoryConfigurationDelegate : Finished Spring Data repository scanning in 28 ms. Found 11 JPA repository interfaces.
2021-05-14 00:50:26.955  INFO 17316 --- [    Test worker] o.s.cloud.context.scope.GenericScope     : BeanFactory id=17485c2d-9d39-35e2-8d33-4ef914f2b374
2021-05-14 00:50:27.077  INFO 17316 --- [    Test worker] com.zaxxer.hikari.HikariDataSource       : HikariPool-3 - Starting...
2021-05-14 00:50:27.079  INFO 17316 --- [    Test worker] com.zaxxer.hikari.HikariDataSource       : HikariPool-3 - Start completed.
2021-05-14 00:50:27.106  INFO 17316 --- [    Test worker] o.hibernate.jpa.internal.util.LogHelper  : HHH000204: Processing PersistenceUnitInfo [name: default]
2021-05-14 00:50:27.119  INFO 17316 --- [    Test worker] org.hibernate.dialect.Dialect            : HHH000400: Using dialect: org.hibernate.dialect.H2Dialect
2021-05-14 00:50:27.278  INFO 17316 --- [    Test worker] o.h.e.t.j.p.i.JtaPlatformInitiator       : HHH000490: Using JtaPlatform implementation: [org.hibernate.engine.transaction.jta.platform.internal.NoJtaPlatform]
2021-05-14 00:50:27.278  INFO 17316 --- [    Test worker] j.LocalContainerEntityManagerFactoryBean : Initialized JPA EntityManagerFactory for persistence unit 'default'
2021-05-14 00:50:27.711  WARN 17316 --- [    Test worker] JpaBaseConfiguration$JpaWebConfiguration : spring.jpa.open-in-view is enabled by default. Therefore, database queries may be performed during view rendering. Explicitly configure spring.jpa.open-in-view to disable this warning
2021-05-14 00:50:27.883  INFO 17316 --- [    Test worker] o.s.s.concurrent.ThreadPoolTaskExecutor  : Initializing ExecutorService 'applicationTaskExecutor'
2021-05-14 00:50:27.912  INFO 17316 --- [    Test worker] o.s.b.a.h2.H2ConsoleAutoConfiguration    : H2 console available at '/h2-console'. Database available at 'jdbc:h2:mem:testdb'
2021-05-14 00:50:28.302  WARN 17316 --- [    Test worker] o.s.b.a.f.FreeMarkerAutoConfiguration    : Cannot find template location(s): [classpath:/templates/] (please add some templates, check your FreeMarker configuration, or set spring.freemarker.checkTemplateLocation=false)
2021-05-14 00:50:28.991  INFO 17316 --- [    Test worker] s.a.ScheduledAnnotationBeanPostProcessor : No TaskScheduler/ScheduledExecutorService bean found for scheduled processing
2021-05-14 00:50:28.992  INFO 17316 --- [    Test worker] c.f.revature.demo.DemoApplicationTests   : Started DemoApplicationTests in 2.63 seconds (JVM running for 18.857)
]]></system-out>
  <system-err><![CDATA[]]></system-err>
</testsuite>
