<?xml version="1.0" encoding="UTF-8"?>
<testsuite name="com.forge.revature.demo.DemoApplicationTests" tests="1" skipped="0" failures="0" errors="0" timestamp="2021-05-13T05:57:32" hostname="LAPTOP-CSV1PGJG" time="0.114">
  <properties/>
  <testcase name="contextLoads()" classname="com.forge.revature.demo.DemoApplicationTests" time="0.114"/>
  <system-out><![CDATA[00:57:25.562 [Test worker] DEBUG org.springframework.test.context.BootstrapUtils - Instantiating CacheAwareContextLoaderDelegate from class [org.springframework.test.context.cache.DefaultCacheAwareContextLoaderDelegate]
00:57:25.576 [Test worker] DEBUG org.springframework.test.context.BootstrapUtils - Instantiating BootstrapContext using constructor [public org.springframework.test.context.support.DefaultBootstrapContext(java.lang.Class,org.springframework.test.context.CacheAwareContextLoaderDelegate)]
00:57:25.609 [Test worker] DEBUG org.springframework.test.context.BootstrapUtils - Instantiating TestContextBootstrapper for test class [com.forge.revature.demo.DemoApplicationTests] from class [org.springframework.boot.test.context.SpringBootTestContextBootstrapper]
00:57:25.620 [Test worker] INFO org.springframework.boot.test.context.SpringBootTestContextBootstrapper - Neither @ContextConfiguration nor @ContextHierarchy found for test class [com.forge.revature.demo.DemoApplicationTests], using SpringBootContextLoader
00:57:25.625 [Test worker] DEBUG org.springframework.test.context.support.AbstractContextLoader - Did not detect default resource location for test class [com.forge.revature.demo.DemoApplicationTests]: class path resource [com/forge/revature/demo/DemoApplicationTests-context.xml] does not exist
00:57:25.626 [Test worker] DEBUG org.springframework.test.context.support.AbstractContextLoader - Did not detect default resource location for test class [com.forge.revature.demo.DemoApplicationTests]: class path resource [com/forge/revature/demo/DemoApplicationTestsContext.groovy] does not exist
00:57:25.626 [Test worker] INFO org.springframework.test.context.support.AbstractContextLoader - Could not detect default resource locations for test class [com.forge.revature.demo.DemoApplicationTests]: no resource found for suffixes {-context.xml, Context.groovy}.
00:57:25.627 [Test worker] INFO org.springframework.test.context.support.AnnotationConfigContextLoaderUtils - Could not detect default configuration classes for test class [com.forge.revature.demo.DemoApplicationTests]: DemoApplicationTests does not declare any static, non-private, non-final, nested classes annotated with @Configuration.
00:57:25.675 [Test worker] DEBUG org.springframework.test.context.support.ActiveProfilesUtils - Could not find an 'annotation declaring class' for annotation type [org.springframework.test.context.ActiveProfiles] and class [com.forge.revature.demo.DemoApplicationTests]
00:57:25.744 [Test worker] DEBUG org.springframework.context.annotation.ClassPathScanningCandidateComponentProvider - Identified candidate component class: file [C:\Users\dvusi\OneDrive\Documents\Revature\Training\Portfolio\Forge-Backend\build\classes\java\main\com\forge\revature\DemoApplication.class]
00:57:25.746 [Test worker] INFO org.springframework.boot.test.context.SpringBootTestContextBootstrapper - Found @SpringBootConfiguration com.forge.revature.DemoApplication for test class com.forge.revature.demo.DemoApplicationTests
00:57:25.859 [Test worker] DEBUG org.springframework.boot.test.context.SpringBootTestContextBootstrapper - @TestExecutionListeners is not present for class [com.forge.revature.demo.DemoApplicationTests]: using defaults.
00:57:25.859 [Test worker] INFO org.springframework.boot.test.context.SpringBootTestContextBootstrapper - Loaded default TestExecutionListener class names from location [META-INF/spring.factories]: [org.springframework.boot.test.autoconfigure.restdocs.RestDocsTestExecutionListener, org.springframework.boot.test.autoconfigure.web.client.MockRestServiceServerResetTestExecutionListener, org.springframework.boot.test.autoconfigure.web.servlet.MockMvcPrintOnlyOnFailureTestExecutionListener, org.springframework.boot.test.autoconfigure.web.servlet.WebDriverTestExecutionListener, org.springframework.boot.test.autoconfigure.webservices.client.MockWebServiceServerTestExecutionListener, org.springframework.boot.test.mock.mockito.MockitoTestExecutionListener, org.springframework.boot.test.mock.mockito.ResetMocksTestExecutionListener, org.springframework.test.context.web.ServletTestExecutionListener, org.springframework.test.context.support.DirtiesContextBeforeModesTestExecutionListener, org.springframework.test.context.event.ApplicationEventsTestExecutionListener, org.springframework.test.context.support.DependencyInjectionTestExecutionListener, org.springframework.test.context.support.DirtiesContextTestExecutionListener, org.springframework.test.context.transaction.TransactionalTestExecutionListener, org.springframework.test.context.jdbc.SqlScriptsTestExecutionListener, org.springframework.test.context.event.EventPublishingTestExecutionListener]
00:57:25.896 [Test worker] INFO org.springframework.boot.test.context.SpringBootTestContextBootstrapper - Using TestExecutionListeners: [org.springframework.test.context.web.ServletTestExecutionListener@26321328, org.springframework.test.context.support.DirtiesContextBeforeModesTestExecutionListener@4b35f09a, org.springframework.test.context.event.ApplicationEventsTestExecutionListener@6dc55dfd, org.springframework.boot.test.mock.mockito.MockitoTestExecutionListener@3ae7d17b, org.springframework.boot.test.autoconfigure.SpringBootDependencyInjectionTestExecutionListener@c7a3e5c, org.springframework.test.context.support.DirtiesContextTestExecutionListener@682fbe69, org.springframework.test.context.transaction.TransactionalTestExecutionListener@2f422c24, org.springframework.test.context.jdbc.SqlScriptsTestExecutionListener@2baa4cbe, org.springframework.test.context.event.EventPublishingTestExecutionListener@767f0f49, org.springframework.boot.test.autoconfigure.restdocs.RestDocsTestExecutionListener@63b63b19, org.springframework.boot.test.autoconfigure.web.client.MockRestServiceServerResetTestExecutionListener@5dab0847, org.springframework.boot.test.autoconfigure.web.servlet.MockMvcPrintOnlyOnFailureTestExecutionListener@249d60f0, org.springframework.boot.test.autoconfigure.web.servlet.WebDriverTestExecutionListener@2a96266d, org.springframework.boot.test.autoconfigure.webservices.client.MockWebServiceServerTestExecutionListener@78aabed5, org.springframework.boot.test.mock.mockito.ResetMocksTestExecutionListener@7dc668b7]
00:57:25.901 [Test worker] DEBUG org.springframework.test.context.support.AbstractDirtiesContextTestExecutionListener - Before test class: context [DefaultTestContext@d961a50 testClass = DemoApplicationTests, testInstance = [null], testMethod = [null], testException = [null], mergedContextConfiguration = [WebMergedContextConfiguration@7a67f20e testClass = DemoApplicationTests, locations = '{}', classes = '{class com.forge.revature.DemoApplication}', contextInitializerClasses = '[]', activeProfiles = '{}', propertySourceLocations = '{}', propertySourceProperties = '{org.springframework.boot.test.context.SpringBootTestContextBootstrapper=true}', contextCustomizers = set[org.springframework.boot.test.autoconfigure.actuate.metrics.MetricsExportContextCustomizerFactory$DisableMetricExportContextCustomizer@63bc4090, org.springframework.boot.test.autoconfigure.properties.PropertyMappingContextCustomizer@0, org.springframework.boot.test.autoconfigure.web.servlet.WebDriverContextCustomizerFactory$Customizer@371010c3, org.springframework.boot.test.context.filter.ExcludeFilterContextCustomizer@62e69158, org.springframework.boot.test.json.DuplicateJsonObjectContextCustomizerFactory$DuplicateJsonObjectContextCustomizer@676852d0, org.springframework.boot.test.mock.mockito.MockitoContextCustomizer@0, org.springframework.boot.test.web.client.TestRestTemplateContextCustomizer@2702969a, org.springframework.boot.test.web.reactive.server.WebTestClientContextCustomizer@1a04d5db, org.springframework.boot.test.context.SpringBootTestArgs@1, org.springframework.boot.test.context.SpringBootTestWebEnvironment@1fa04906], resourceBasePath = 'src/main/webapp', contextLoader = 'org.springframework.boot.test.context.SpringBootContextLoader', parent = [null]], attributes = map['org.springframework.test.context.web.ServletTestExecutionListener.activateListener' -> true]], class annotated with @DirtiesContext [false] with mode [null].
00:57:25.945 [Test worker] DEBUG org.springframework.test.context.support.TestPropertySourceUtils - Adding inlined properties to environment: {spring.jmx.enabled=false, org.springframework.boot.test.context.SpringBootTestContextBootstrapper=true}

  .   ____          _            __ _ _
 /\\ / ___'_ __ _ _(_)_ __  __ _ \ \ \ \
( ( )\___ | '_ | '_| | '_ \/ _` | \ \ \ \
 \\/  ___)| |_)| | | | | || (_| |  ) ) ) )
  '  |____| .__|_| |_|_| |_\__, | / / / /
 =========|_|==============|___/=/_/_/_/
 :: Spring Boot ::                (v2.4.5)

2021-05-13 00:57:26.462  INFO 9688 --- [    Test worker] c.f.revature.demo.DemoApplicationTests   : Starting DemoApplicationTests using Java 11.0.10 on LAPTOP-CSV1PGJG with PID 9688 (started by dvusi in C:\Users\dvusi\OneDrive\Documents\Revature\Training\Portfolio\Forge-Backend)
2021-05-13 00:57:26.464  INFO 9688 --- [    Test worker] c.f.revature.demo.DemoApplicationTests   : No active profile set, falling back to default profiles: default
2021-05-13 00:57:27.301  INFO 9688 --- [    Test worker] .s.d.r.c.RepositoryConfigurationDelegate : Bootstrapping Spring Data JPA repositories in DEFAULT mode.
2021-05-13 00:57:27.519  INFO 9688 --- [    Test worker] .s.d.r.c.RepositoryConfigurationDelegate : Finished Spring Data repository scanning in 210 ms. Found 3 JPA repository interfaces.
2021-05-13 00:57:27.767  INFO 9688 --- [    Test worker] o.s.cloud.context.scope.GenericScope     : BeanFactory id=ec7f815a-009c-36c7-ae75-1371d38569b6
2021-05-13 00:57:28.188  INFO 9688 --- [    Test worker] com.zaxxer.hikari.HikariDataSource       : HikariPool-1 - Starting...
2021-05-13 00:57:28.399  INFO 9688 --- [    Test worker] com.zaxxer.hikari.HikariDataSource       : HikariPool-1 - Start completed.
2021-05-13 00:57:28.485  INFO 9688 --- [    Test worker] o.hibernate.jpa.internal.util.LogHelper  : HHH000204: Processing PersistenceUnitInfo [name: default]
2021-05-13 00:57:28.579  INFO 9688 --- [    Test worker] org.hibernate.Version                    : HHH000412: Hibernate ORM core version 5.4.30.Final
2021-05-13 00:57:28.796  INFO 9688 --- [    Test worker] o.hibernate.annotations.common.Version   : HCANN000001: Hibernate Commons Annotations {5.1.2.Final}
2021-05-13 00:57:28.981  INFO 9688 --- [    Test worker] org.hibernate.dialect.Dialect            : HHH000400: Using dialect: org.hibernate.dialect.H2Dialect
2021-05-13 00:57:29.723  INFO 9688 --- [    Test worker] o.h.e.t.j.p.i.JtaPlatformInitiator       : HHH000490: Using JtaPlatform implementation: [org.hibernate.engine.transaction.jta.platform.internal.NoJtaPlatform]
2021-05-13 00:57:29.744  INFO 9688 --- [    Test worker] j.LocalContainerEntityManagerFactoryBean : Initialized JPA EntityManagerFactory for persistence unit 'default'
2021-05-13 00:57:30.647  WARN 9688 --- [    Test worker] JpaBaseConfiguration$JpaWebConfiguration : spring.jpa.open-in-view is enabled by default. Therefore, database queries may be performed during view rendering. Explicitly configure spring.jpa.open-in-view to disable this warning
2021-05-13 00:57:31.036  INFO 9688 --- [    Test worker] o.s.s.concurrent.ThreadPoolTaskExecutor  : Initializing ExecutorService 'applicationTaskExecutor'
2021-05-13 00:57:31.103  INFO 9688 --- [    Test worker] o.s.b.a.h2.H2ConsoleAutoConfiguration    : H2 console available at '/h2-console'. Database available at 'jdbc:h2:mem:testdb'
2021-05-13 00:57:31.683  WARN 9688 --- [    Test worker] o.s.b.a.f.FreeMarkerAutoConfiguration    : Cannot find template location(s): [classpath:/templates/] (please add some templates, check your FreeMarker configuration, or set spring.freemarker.checkTemplateLocation=false)
2021-05-13 00:57:32.298  INFO 9688 --- [    Test worker] s.a.ScheduledAnnotationBeanPostProcessor : No TaskScheduler/ScheduledExecutorService bean found for scheduled processing
2021-05-13 00:57:32.309  INFO 9688 --- [    Test worker] c.f.revature.demo.DemoApplicationTests   : Started DemoApplicationTests in 6.356 seconds (JVM running for 7.805)
]]></system-out>
  <system-err><![CDATA[]]></system-err>
</testsuite>
